1563867133896	mozrunner::runner	INFO	Running command: "C:\\Program Files\\Firefox Developer Edition\\firefox.exe" "-marionette" "-foreground" "-no-remote" "-profile" "C:\\Users\\khirod\\AppData\\Local\\Temp\\rust_mozprofile.Zi8SMInj8sT4"
1563867136363	addons.webextension.screenshots@mozilla.org	WARN	Loading extension 'screenshots@mozilla.org': Reading manifest: Invalid extension permission: mozillaAddons
1563867136363	addons.webextension.screenshots@mozilla.org	WARN	Loading extension 'screenshots@mozilla.org': Reading manifest: Invalid extension permission: telemetry
1563867136363	addons.webextension.screenshots@mozilla.org	WARN	Loading extension 'screenshots@mozilla.org': Reading manifest: Invalid extension permission: resource://pdf.js/
1563867136364	addons.webextension.screenshots@mozilla.org	WARN	Loading extension 'screenshots@mozilla.org': Reading manifest: Invalid extension permission: about:reader*
1563867140153	Marionette	INFO	Listening on port 59726
1563867140464	Marionette	WARN	TLS certificate errors will be ignored for this session
JavaScript error: https://js.stripe.com/v3/fingerprinted/js/controller-a3b0bc0de8404309f909818d5f6d2a52.js, line 1: ReferenceError: webpackJsonp is not defined
console.error: BroadcastService: 
  receivedBroadcastMessage: handler for
  remote-settings/monitor_changes
  threw error:
  Message: Error: Polling for changes failed: http://%(server)s/dummy/blocklist//buckets/monitor/collections/changes/records?_expected=%221563840009692%22 is not a valid URL..
  Stack:
    remoteSettingsFunction/remoteSettings.pollChanges@resource://services-settings/remote-settings.js:201:13

1563867214846	Marionette	INFO	Stopped listening on port 59726
[Parent 14028, Gecko_IOThread] WARNING: pipe error: 109: file z:/task_1560988207/build/src/ipc/chromium/src/chrome/common/ipc_channel_win.cc, line 341
[Child 14564, Chrome_ChildThread] WARNING: pipe error: 109: file z:/task_1560988207/build/src/ipc/chromium/src/chrome/common/ipc_channel_win.cc, line 341
[Child 1456[Parent 14028, Gecko_IOThread] WARNING: pipe error: 109: file z:/task_1560988207/build/src/ipc/chromium/src/chrome/common/ipc_channel_win.cc, line 341
[Child 17468, Chrome_ChildThread] WARNING: pipe error: 109: file z:/task_1560988207/build/src/ipc/chromium/src/chrome/common/ipc_channel_win.cc, line 341
[Child 17468,[Parent 14028, Gecko_IOThread] WARNING: pipe error: 109: file z:/task_1560988207/build/src/ipc/chromium/src/chrome/common/ipc_channel_win.cc, line 341
[Child 12252, Chrome_ChildThread] WARNING: pipe error: 109: file z:/task_1560988207/build/src/ipc/chromium/src/chrome/common/ipc_channel_win.cc, line 341
[Child 122
###!!! [Child][RunMessage] Error: Channel closing: too late to send/recv, messages will be lost

[
###!!! [Child][MessageChannel::SendAndWait] Error: Channel error: cannot send/recv

1563868727666	mozrunner::runner	INFO	Running command: "C:\\Program Files\\Firefox Developer Edition\\firefox.exe" "-marionette" "-foreground" "-no-remote" "-profile" "C:\\Users\\khirod\\AppData\\Local\\Temp\\rust_mozprofile.M8DmF0e6PR8D"
1563868728383	addons.webextension.screenshots@mozilla.org	WARN	Loading extension 'screenshots@mozilla.org': Reading manifest: Invalid extension permission: mozillaAddons
1563868728383	addons.webextension.screenshots@mozilla.org	WARN	Loading extension 'screenshots@mozilla.org': Reading manifest: Invalid extension permission: telemetry
1563868728383	addons.webextension.screenshots@mozilla.org	WARN	Loading extension 'screenshots@mozilla.org': Reading manifest: Invalid extension permission: resource://pdf.js/
1563868728383	addons.webextension.screenshots@mozilla.org	WARN	Loading extension 'screenshots@mozilla.org': Reading manifest: Invalid extension permission: about:reader*
1563868731143	Marionette	INFO	Listening on port 61900
1563868731515	Marionette	WARN	TLS certificate errors will be ignored for this session
console.error: BroadcastService: 
  receivedBroadcastMessage: handler for
  remote-settings/monitor_changes
  threw error:
  Message: Error: Polling for changes failed: http://%(server)s/dummy/blocklist//buckets/monitor/collections/changes/records?_expected=%221563840009692%22 is not a valid URL..
  Stack:
    remoteSettingsFunction/remoteSettings.pollChanges@resource://services-settings/remote-settings.js:201:13

JavaScript error: chrome://marionette/content/proxy.js, line 275: NS_ERROR_ILLEGAL_VALUE
[Parent 8044, Gecko_IOThread] WARNING: pipe error: 109: file z:/task_1560988207/build/src/ipc/chromium/src/chrome/common/ipc_channel_win.cc, line 341
[Parent 8044, Gecko_IOThread] WARNING: pipe error: 109: file z:/task_1560988207/build/src/ipc/chromium/src/chrome/common/ipc_channel_win.cc, line 341
[Child 15092, Chrome_ChildThread] WARNING: pipe error: 109: file z:/task_1560988207/build/src/ipc/chromium/src/chrome/common/ipc_channel_win.cc, line 341[
Child 17928, Chrome_ChildThread] WARNING: pipe error: 109: file z:/task_1560988207/build/src/ipc/chromium/src/chrome/common/ipc_channel_win.cc, line 341
[Child 17928, C[Parent 8044, Gecko_IOThread] WARNING: pipe error: 109: file z:/task_1560988207/build/src/ipc/chromium/src/chrome/common/ipc_channel_win.cc, line 341
[Child 7792, Chrome_ChildThread] WARNING: pipe error: 109: file z:/task_1560988207/build/src/ipc/chromium/src/chrome/common/ipc_channel_win.cc, line 341
[Child 771563868791683	Marionette	INFO	Stopped listening on port 61900
[G
###!!! [Child][MessageChannel::SendAndWait] Error: Channel error: cannot send/recv

